<?xml version="1.0" encoding="UTF-8"?>
<!-- Generated by org.testng.reporters.JUnitReportReporter -->
<testsuite hostname="ATMECSINLT-044" failures="0" tests="1" name="com.cleartrip.selenimgrid.SeleniumGrid" time="19.439" errors="0" timestamp="05 Sep 2019 14:19:18 GMT" skipped="0">
  <testcase classname="com.cleartrip.selenimgrid.SeleniumGrid" name="seleniumGridDriver" time="19.439"/>
</testsuite> <!-- com.cleartrip.selenimgrid.SeleniumGrid -->
